


materialPath: C:\Program Files (x86)\Steam\steamapps\common\Counter-Strike Global Offensive\csgo\materials
Loading C:\Program Files (x86)\Steam\steamapps\common\Counter-Strike Global Offensive\sdk_content\maps\wm_gallery.vmf
Map revision 7
fixing up env_cubemap materials on brush sides...
0...1...2...3...4...5...6...7...8...9...100...1...2...3...4...5...6...7...8...9...10Processing areas...done (0)
Building Faces...done (0)
Chop Details...done (0)
Find Visible Detail Sides...done (0)
Merging details...done (0)
FixTjuncs...
PruneNodes...
WriteBSP...
done (0)
writing C:\Program Files (x86)\Steam\steamapps\common\Counter-Strike Global Offensive\sdk_content\maps\wm_gallery.prt...Building visibility clusters...
AutoVisClustering (threshold=-1) matched 0 leafs.
done (0)
Finding displacement neighbors...
Finding lightmap sample positions...
Displacement Alpha : 0...1...2...3...4...5...6...7...8...9...10
Building Physics collision data...
done (0) (149806 bytes)
Placing detail props : 0...1...2...3...4...5...6...7...8...9...10
Compacting texture/material tables...
Reduced 103 texinfos to 69
Reduced 13 texdatas to 11 (366 bytes to 336)
Writing C:\Program Files (x86)\Steam\steamapps\common\Counter-Strike Global Offensive\sdk_content\maps\wm_gallery.bsp
MSG_FILEWRITE - Filesystem was asked to write to 'c:\program files (x86)\steam\steamapps\common\counter-strike global offensive\sdk_content\maps\wm_gallery.bsp', but we don't own that location. Allowing...
0 seconds elapsed



12 threads
reading c:\program files (x86)\steam\steamapps\common\counter-strike global offensive\sdk_content\maps\wm_gallery.bsp
reading c:\program files (x86)\steam\steamapps\common\counter-strike global offensive\sdk_content\maps\wm_gallery.prt
1070 portalclusters
3647 numportals
0...1...2...3...4...5...6...7...8...9...100...1...2...3...4...5...6...7...8...9...


materialPath: C:\Program Files (x86)\Steam\steamapps\common\Counter-Strike Global Offensive\csgo\materials
Loading C:\Program Files (x86)\Steam\steamapps\common\Counter-Strike Global Offensive\sdk_content\maps\wm_gallery.vmf
Map revision 7
fixing up env_cubemap materials on brush sides...
0...1...2...3...4...5...6...7...8...9...100...1...2...3...4...5...6...7...8...9...10Processing areas...done (0)
Building Faces...done (0)
Chop Details...done (0)
Find Visible Detail Sides...done (0)
Merging details...done (0)
FixTjuncs...
PruneNodes...
WriteBSP...
done (0)
writing C:\Program Files (x86)\Steam\steamapps\common\Counter-Strike Global Offensive\sdk_content\maps\wm_gallery.prt...Building visibility clusters...
AutoVisClustering (threshold=-1) matched 0 leafs.
done (0)
Finding displacement neighbors...
Finding lightmap sample positions...
Displacement Alpha : 0...1...2...3...4...5...6...7...8...9...10
Building Physics collision data...
done (0) (149806 bytes)
Placing detail props : 0...1...2...3...4...5...6...7...8...9...10
Compacting texture/material tables...
Reduced 103 texinfos to 69
Reduced 13 texdatas to 11 (366 bytes to 336)
Writing C:\Program Files (x86)\Steam\steamapps\common\Counter-Strike Global Offensive\sdk_content\maps\wm_gallery.bsp
MSG_FILEWRITE - Filesystem was asked to write to 'c:\program files (x86)\steam\steamapps\common\counter-strike global offensive\sdk_content\maps\wm_gallery.bsp', but we don't own that location. Allowing...
0 seconds elapsed



12 threads
reading c:\program files (x86)\steam\steamapps\common\counter-strike global offensive\sdk_content\maps\wm_gallery.bsp
reading c:\program files (x86)\steam\steamapps\common\counter-strike global offensive\sdk_content\maps\wm_gallery.prt
1070 portalclusters
3647 numportals
0...1...2...3...4...5...6...7...8...9...10Optimized: 56361 visible clusters (0.00%)
Total clusters visible: 927743
Average clusters visible: 867
Building PAS...
Average clusters audible: 1069
visdatasize:286048  compressed from 291040
writing c:\program files (x86)\steam\steamapps\common\counter-strike global offensive\sdk_content\maps\wm_gallery.bsp
MSG_FILEWRITE - Filesystem was asked to write to 'c:\program files (x86)\steam\steamapps\common\counter-strike global offensive\sdk_content\maps\wm_gallery.bsp', but we don't own that location. Allowing...
0 seconds elapsed



[Reading texlights from 'lights.rad']
[17 texlights parsed from 'lights.rad']

Loading c:\program files (x86)\steam\steamapps\common\counter-strike global offensive\sdk_content\maps\wm_gallery.bsp
2207 faces
17 degenerate faces
750649 square feet [108093488.00 square inches]
0 Displacements
0 Square Feet [0.00 Square Inches]
2190 patches before subdivision
24108 patches after subdivision
4 direct lights
0...1...2...3...4...5...6...7...8...9...100...1...2...3...4...5...6...7...8...9...10transfers 1981963, max 788
transfer lists:  15.1 megs
0...1...2...3...4...5...6...7...8...9...10	Bounce #1 added RGB(40797, 40475, 39791)
0...1...2...3...4...5...6...7...8...9...10	Bounce #2 added RGB(11549, 11361, 10936)
0...1...2...3...4...5...6...7...8...9...10	Bounce #3 added RGB(4517, 4355, 4073)
0...1...2...3...4...5...6...7...8...9...10	Bounce #4 added RGB(1969, 1869, 1703)
0...1...2...3...4...5...6...7...8...9...10	Bounce #5 added RGB(914, 856, 763)
0...1...2...3...4...5...6...7...8...9...10	Bounce #6 added RGB(435, 403, 352)
0...1...2...3...4...5...6...7...8...9...10	Bounce #7 added RGB(210, 193, 165)
0...1...2...3...4...5...6...7...8...9...10	Bounce #8 added RGB(103, 93, 78)
0...1...2...3...4...5...6...7...8...9...10	Bounce #9 added RGB(50, 45, 37)
0...1...2...3...4...5...6...7...8...9...10	Bounce #10 added RGB(25, 22, 18)
0...1...2...3...4...5...6...7...8...9...10	Bounce #11 added RGB(12, 11, 8)
0...1...2...3...4...5...6...7...8...9...10	Bounce #12 added RGB(6, 5, 4)
0...1...2...3...4...5...6...7...8...9...10	Bounce #13 added RGB(3, 3, 2)
0...1...2...3...4...5...6...7...8...9...10	Bounce #14 added RGB(1, 1, 1)
0...1...2...3...4...5...6...7...8...9...10	Bounce #15 added RGB(1, 1, 0)
Build Patch/Sample Hash Table(s).....Done<0.0045 sec>
0...1...2...3...4...5...6...7...8...9...10FinalLightFace Done
0 of 0 (0% of) surface lights went in leaf ambient cubes.
0...1...2...3...4...5...6...7...8...9...10Writing leaf ambient...done
Ready to Finish

Object names       Objects/Maxobjs  Memory / Maxmem  Fullness 
------------       ---------------  ---------------  -------- 
models                   1/1024           48/49152    ( 0.1%) 
brushes                403/8192         4836/98304    ( 4.9%) 
brushsides            3889/81920       31112/655360   ( 4.7%) 
planes                2868/65536       57360/1310720  ( 4.4%) 
vertexes              3037/65536       36444/786432   ( 4.6%) 
nodes                 1626/65536       52032/2097152  ( 2.5%) 
texinfos                69/12288        4968/884736   ( 0.6%) 
texdata                 11/4096          352/131072   ( 0.3%) 
dispinfos                0/0               0/0        ( 0.0%) 
disp_verts               0/0               0/0        ( 0.0%) 
disp_tris                0/0               0/0        ( 0.0%) 
disp_multiblend          0/0               0/0        ( 0.0%) 
disp_lmsamples           0/0               0/0        ( 0.0%) 
faces                 2207/65536      123592/3670016  ( 3.4%) 
hdr faces                0/65536           0/3670016  ( 0.0%) 
origfaces              957/65536       53592/3670016  ( 1.5%) 
facebrushes            830/0            1660/0        ( 0.0%) 
facebrushlists        2207/0            8828/0        ( 0.0%) 
leaves                1628/65536       52096/2097152  ( 2.5%) 
leaffaces             2487/65536        4974/131072   ( 3.8%) 
leafbrushes           2020/65536        4040/131072   ( 3.1%) 
areas                    2/1024           16/8192     ( 0.2%) 
surfedges            14471/512000      57884/2048000  ( 2.8%) 
edges                 7917/256000      31668/1024000  ( 3.1%) 
LDR worldlights          4/8192          400/819200   ( 0.0%) 
HDR worldlights          0/8192            0/819200   ( 0.0%) 
leafwaterdata            0/32768           0/393216   ( 0.0%) 
waterstrips            197/32768        1970/327680   ( 0.6%) 
waterverts               0/65536           0/786432   ( 0.0%) 
waterindices          3042/65536        6084/131072   ( 4.6%) 
cubemapsamples           2/1024           32/16384    ( 0.2%) 
overlays                 0/1024            0/360448   ( 0.0%) 
LDR lightdata         [variable]     2193928/0        ( 0.0%) 
HDR lightdata         [variable]           0/0        ( 0.0%) 
visdata               [variable]      286048/16777216 ( 1.7%) 
entdata               [variable]        1418/393216   ( 0.4%) 
LDR ambient table     1628/65536        6512/262144   ( 2.5%) 
HDR ambient table     1628/65536        6512/262144   ( 2.5%) 
LDR leaf ambient      5872/65536      164416/1835008  ( 9.0%) 
HDR leaf ambient      1628/65536       45584/1835008  ( 2.5%) 
occluders                0/0               0/0        ( 0.0%) 
occluder polygons        0/0               0/0        ( 0.0%) 
occluder vert ind        0/0               0/0        ( 0.0%) 
detail props          [variable]           1/12       ( 8.3%) 
static props          [variable]           1/3540     ( 0.0%) 
pakfile               [variable]      224458/0        ( 0.0%) 
physics               [variable]      149806/4194304  ( 3.6%) 
physics terrain       [variable]           2/1048576  ( 0.0%) 

Level flags = 7c

Total triangle count: 6321
Writing c:\program files (x86)\steam\steamapps\common\counter-strike global offensive\sdk_content\maps\wm_gallery.bsp
MSG_FILEWRITE - Filesystem was asked to write to 'c:\program files (x86)\steam\steamapps\common\counter-strike global offensive\sdk_content\maps\wm_gallery.bsp', but we don't own that location. Allowing...
7 seconds elapsed



materialPath: C:\Program Files (x86)\Steam\steamapps\common\Counter-Strike Global Offensive\csgo\materials
Loading c:\program files (x86)\steam\steamapps\common\counter-strike global offensive\sdk_content\maps\wm_gallery.vmf
Map revision 9
fixing up env_cubemap materials on brush sides...
0...1...2...3...4...5...6...7...8...9...100...1...2...3...4...5...6...7...8...9...10Processing areas...done (0)
Building Faces...done (0)
Chop Details...done (0)
Find Visible Detail Sides...done (0)
Merging details...done (0)
FixTjuncs...
PruneNodes...
WriteBSP...
done (0)
writing c:\program files (x86)\steam\steamapps\common\counter-strike global offensive\sdk_content\maps\wm_gallery.prt...Building visibility clusters...
AutoVisClustering (threshold=-1) matched 0 leafs.
done (0)
Finding displacement neighbors...
Finding lightmap sample positions...
Displacement Alpha : 0...1...2...3...4...5...6...7...8...9...10
Building Physics collision data...
done (0) (149806 bytes)
Placing detail props : 0...1...2...3...4...5...6...7...8...9...10
Compacting texture/material tables...
Reduced 103 texinfos to 69
Reduced 13 texdatas to 11 (366 bytes to 336)
Writing c:\program files (x86)\steam\steamapps\common\counter-strike global offensive\sdk_content\maps\wm_gallery.bsp
MSG_FILEWRITE - Filesystem was asked to write to 'c:\program files (x86)\steam\steamapps\common\counter-strike global offensive\sdk_content\maps\wm_gallery.bsp', but we don't own that location. Allowing...
0 seconds elapsed



12 threads
reading c:\program files (x86)\steam\steamapps\common\counter-strike global offensive\sdk_content\maps\wm_gallery.bsp
reading c:\program files (x86)\steam\steamapps\common\counter-strike global offensive\sdk_content\maps\wm_gallery.prt
1070 portalclusters
3647 numportals
0...1...2...3...4...5...6...7...8...9...10Optimized: 56361 visible clusters (0.00%)
Total clusters visible: 927743
Average clusters visible: 867
Building PAS...
Average clusters audible: 1069
visdatasize:286048  compressed from 291040
writing c:\program files (x86)\steam\steamapps\common\counter-strike global offensive\sdk_content\maps\wm_gallery.bsp
MSG_FILEWRITE - Filesystem was asked to write to 'c:\program files (x86)\steam\steamapps\common\counter-strike global offensive\sdk_content\maps\wm_gallery.bsp', but we don't own that location. Allowing...
0 seconds elapsed



[Reading texlights from 'lights.rad']
[17 texlights parsed from 'lights.rad']

Loading c:\program files (x86)\steam\steamapps\common\counter-strike global offensive\sdk_content\maps\wm_gallery.bsp
2207 faces
17 degenerate faces
750649 square feet [108093488.00 square inches]
0 Displacements
0 Square Feet [0.00 Square Inches]
2190 patches before subdivision
24108 patches after subdivision
4 direct lights
0...1...2...3...4...5...6...7...8...9...100...1...2...3...4...5...6...7...8...9...10transfers 1981876, max 788
transfer lists:  15.1 megs
0...1...2...3...4...5...6...7...8...9...10	Bounce #1 added RGB(40796, 40475, 39792)
0...1...2...3...4...5...6...7...8...9...10	Bounce #2 added RGB(11549, 11360, 10935)
Build Patch/Sample Hash Table(s).....Done<0.0039 sec>
0...1...2...3...4...5...6...7...8...9...10FinalLightFace Done
0 of 0 (0% of) surface lights went in leaf ambient cubes.
0...1...2...3...4...5...6...7...8...9...10Writing leaf ambient...done
Computing static prop lighting : 00...1...2...3...4...5...6...7...8...9...10
Ready to Finish

Object names       Objects/Maxobjs  Memory / Maxmem  Fullness 
------------       ---------------  ---------------  -------- 
models                   1/1024           48/49152    ( 0.1%) 
brushes                403/8192         4836/98304    ( 4.9%) 
brushsides            3889/81920       31112/655360   ( 4.7%) 
planes                2868/65536       57360/1310720  ( 4.4%) 
vertexes              3037/65536       36444/786432   ( 4.6%) 
nodes                 1626/65536       52032/2097152  ( 2.5%) 
texinfos                69/12288        4968/884736   ( 0.6%) 
texdata                 11/4096          352/131072   ( 0.3%) 
dispinfos                0/0               0/0        ( 0.0%) 
disp_verts               0/0               0/0        ( 0.0%) 
disp_tris                0/0               0/0        ( 0.0%) 
disp_multiblend          0/0               0/0        ( 0.0%) 
disp_lmsamples           0/0               0/0        ( 0.0%) 
faces                 2207/65536      123592/3670016  ( 3.4%) 
hdr faces                0/65536           0/3670016  ( 0.0%) 
origfaces              957/65536       53592/3670016  ( 1.5%) 
facebrushes            830/0            1660/0        ( 0.0%) 
facebrushlists        2207/0            8828/0        ( 0.0%) 
leaves                1628/65536       52096/2097152  ( 2.5%) 
leaffaces             2487/65536        4974/131072   ( 3.8%) 
leafbrushes           2020/65536        4040/131072   ( 3.1%) 
areas                    2/1024           16/8192     ( 0.2%) 
surfedges            14471/512000      57884/2048000  ( 2.8%) 
edges                 7917/256000      31668/1024000  ( 3.1%) 
LDR worldlights          4/8192          400/819200   ( 0.0%) 
HDR worldlights          0/8192            0/819200   ( 0.0%) 
leafwaterdata            0/32768           0/393216   ( 0.0%) 
waterstrips            197/32768        1970/327680   ( 0.6%) 
waterverts               0/65536           0/786432   ( 0.0%) 
waterindices          3042/65536        6084/131072   ( 4.6%) 
cubemapsamples           2/1024           32/16384    ( 0.2%) 
overlays                 0/1024            0/360448   ( 0.0%) 
LDR lightdata         [variable]     2194168/0        ( 0.0%) 
HDR lightdata         [variable]           0/0        ( 0.0%) 
visdata               [variable]      286048/16777216 ( 1.7%) 
entdata               [variable]        1412/393216   ( 0.4%) 
LDR ambient table     1628/65536        6512/262144   ( 2.5%) 
HDR ambient table     1628/65536        6512/262144   ( 2.5%) 
LDR leaf ambient      5873/65536      164444/1835008  ( 9.0%) 
HDR leaf ambient      1628/65536       45584/1835008  ( 2.5%) 
occluders                0/0               0/0        ( 0.0%) 
occluder polygons        0/0               0/0        ( 0.0%) 
occluder vert ind        0/0               0/0        ( 0.0%) 
detail props          [variable]           1/12       ( 8.3%) 
static props          [variable]           1/3540     ( 0.0%) 
pakfile               [variable]      796184/0        ( 0.0%) 
physics               [variable]      149806/4194304  ( 3.6%) 
physics terrain       [variable]           2/1048576  ( 0.0%) 

Level flags = 7d

Total triangle count: 6321
Writing c:\program files (x86)\steam\steamapps\common\counter-strike global offensive\sdk_content\maps\wm_gallery.bsp
MSG_FILEWRITE - Filesystem was asked to write to 'c:\program files (x86)\steam\steamapps\common\counter-strike global offensive\sdk_content\maps\wm_gallery.bsp', but we don't own that location. Allowing...
7 seconds elapsed
